0 info it worked if it ends with ok
1 verbose cli [ 'C:\\Program Files\\nodejs\\node.exe',
1 verbose cli   'C:\\Program Files\\nodejs\\node_modules\\npm\\bin\\npm-cli.js',
1 verbose cli   'install',
1 verbose cli   '--save',
1 verbose cli   'johnny-five;' ]
2 info using npm@2.14.7
3 info using node@v4.2.2
4 verbose install initial load of D:\docker\vhosts\socketio\package.json
5 warn package.json socketio@1.0.0 No repository field.
6 warn package.json socketio@1.0.0 No README data
7 verbose installManyTop reading scoped package data from D:\docker\vhosts\socketio\node_modules\colors\package.json
8 verbose installManyTop reading scoped package data from D:\docker\vhosts\socketio\node_modules\exec\package.json
9 verbose installManyTop reading scoped package data from D:\docker\vhosts\socketio\node_modules\express\package.json
10 verbose installManyTop reading scoped package data from D:\docker\vhosts\socketio\node_modules\socket.io\package.json
11 info package.json exec@0.2.1 No license field.
12 verbose readDependencies loading dependencies from D:\docker\vhosts\socketio\package.json
13 silly cache add args [ 'johnny-five;', null ]
14 verbose cache add spec johnny-five;
15 silly cache add parsed spec Result {
15 silly cache add   raw: 'johnny-five;',
15 silly cache add   scope: null,
15 silly cache add   name: null,
15 silly cache add   rawSpec: 'johnny-five;',
15 silly cache add   spec: 'D:\\docker\\vhosts\\socketio\\johnny-five;',
15 silly cache add   type: 'local' }
16 error addLocal Could not install D:\docker\vhosts\socketio\johnny-five;
17 verbose stack Error: ENOENT: no such file or directory, open 'D:\docker\vhosts\socketio\johnny-five;'
17 verbose stack     at Error (native)
18 verbose cwd D:\docker\vhosts\socketio
19 error Windows_NT 6.1.7601
20 error argv "C:\\Program Files\\nodejs\\node.exe" "C:\\Program Files\\nodejs\\node_modules\\npm\\bin\\npm-cli.js" "install" "--save" "johnny-five;"
21 error node v4.2.2
22 error npm  v2.14.7
23 error path D:\docker\vhosts\socketio\johnny-five;
24 error code ENOENT
25 error errno -4058
26 error syscall open
27 error enoent ENOENT: no such file or directory, open 'D:\docker\vhosts\socketio\johnny-five;'
27 error enoent This is most likely not a problem with npm itself
27 error enoent and is related to npm not being able to find a file.
28 verbose exit [ -4058, true ]
